2025-04-05 17:31:34,339 - Error fetching data for F: 404 Client Error: Not Found for url: https://pokeapi.co/api/v2/pokemon/f
2025-04-05 17:31:51,387 - Error fetching data for F: 404 Client Error: Not Found for url: https://pokeapi.co/api/v2/pokemon/f
2025-04-05 17:31:57,316 - Error fetching data for M: 404 Client Error: Not Found for url: https://pokeapi.co/api/v2/pokemon/m
2025-04-05 17:31:58,960 - Error fetching data for M: 404 Client Error: Not Found for url: https://pokeapi.co/api/v2/pokemon/m
2025-04-05 17:32:03,039 - Error fetching data for M: 404 Client Error: Not Found for url: https://pokeapi.co/api/v2/pokemon/m
2025-04-05 17:32:11,096 - Error fetching data for F: 404 Client Error: Not Found for url: https://pokeapi.co/api/v2/pokemon/f
2025-04-05 17:32:12,541 - Error fetching data for F: 404 Client Error: Not Found for url: https://pokeapi.co/api/v2/pokemon/f
2025-04-05 17:32:24,104 - Error fetching data for F: 404 Client Error: Not Found for url: https://pokeapi.co/api/v2/pokemon/f
2025-04-05 17:32:27,060 - Error fetching data for F: 404 Client Error: Not Found for url: https://pokeapi.co/api/v2/pokemon/f
2025-04-05 17:32:27,604 - Error fetching data for M: 404 Client Error: Not Found for url: https://pokeapi.co/api/v2/pokemon/m
2025-04-05 17:32:30,428 - Error fetching data for F: 404 Client Error: Not Found for url: https://pokeapi.co/api/v2/pokemon/f
2025-04-05 17:32:34,070 - Error fetching data for Dondozo): 404 Client Error: Not Found for url: https://pokeapi.co/api/v2/pokemon/dondozo)
2025-04-05 17:32:36,009 - Error fetching data for Glimmora): 404 Client Error: Not Found for url: https://pokeapi.co/api/v2/pokemon/glimmora)
2025-04-05 17:32:37,852 - Error fetching data for Tatsugiri-Droopy): 404 Client Error: Not Found for url: https://pokeapi.co/api/v2/pokemon/tatsugiri-droopy)
2025-04-05 17:32:54,999 - Error fetching data for M: 404 Client Error: Not Found for url: https://pokeapi.co/api/v2/pokemon/m
2025-04-05 17:32:58,666 - Error fetching data for F: 404 Client Error: Not Found for url: https://pokeapi.co/api/v2/pokemon/f
2025-04-05 17:33:15,869 - Error fetching data for F: 404 Client Error: Not Found for url: https://pokeapi.co/api/v2/pokemon/f
2025-04-05 17:33:16,125 - Error fetching data for F: 404 Client Error: Not Found for url: https://pokeapi.co/api/v2/pokemon/f
2025-04-05 17:33:33,440 - Error fetching data for M: 404 Client Error: Not Found for url: https://pokeapi.co/api/v2/pokemon/m
2025-04-05 17:33:33,735 - Error fetching data for M: 404 Client Error: Not Found for url: https://pokeapi.co/api/v2/pokemon/m
2025-04-05 17:33:34,324 - Error fetching data for M: 404 Client Error: Not Found for url: https://pokeapi.co/api/v2/pokemon/m
2025-04-05 17:33:35,713 - Error fetching data for F: 404 Client Error: Not Found for url: https://pokeapi.co/api/v2/pokemon/f
2025-04-05 17:33:49,865 - Error fetching data for M: 404 Client Error: Not Found for url: https://pokeapi.co/api/v2/pokemon/m
2025-04-05 17:33:50,704 - Error fetching data for M: 404 Client Error: Not Found for url: https://pokeapi.co/api/v2/pokemon/m
2025-04-05 17:34:08,485 - Error fetching data for F: 404 Client Error: Not Found for url: https://pokeapi.co/api/v2/pokemon/f
2025-04-05 17:34:10,007 - Error fetching data for F: 404 Client Error: Not Found for url: https://pokeapi.co/api/v2/pokemon/f
2025-04-05 17:34:18,853 - Error fetching data for M: 404 Client Error: Not Found for url: https://pokeapi.co/api/v2/pokemon/m
2025-04-05 17:34:19,144 - Error fetching data for F: 404 Client Error: Not Found for url: https://pokeapi.co/api/v2/pokemon/f
2025-04-05 17:34:19,681 - Error fetching data for F: 404 Client Error: Not Found for url: https://pokeapi.co/api/v2/pokemon/f
2025-04-05 17:34:24,440 - Error fetching data for M: 404 Client Error: Not Found for url: https://pokeapi.co/api/v2/pokemon/m
2025-04-05 17:34:24,669 - Error fetching data for F: 404 Client Error: Not Found for url: https://pokeapi.co/api/v2/pokemon/f
2025-04-05 17:34:25,470 - Error fetching data for F: 404 Client Error: Not Found for url: https://pokeapi.co/api/v2/pokemon/f
2025-04-05 17:34:34,686 - Error fetching data for F: 404 Client Error: Not Found for url: https://pokeapi.co/api/v2/pokemon/f
2025-04-05 17:35:02,160 - Error fetching data for F: 404 Client Error: Not Found for url: https://pokeapi.co/api/v2/pokemon/f
2025-04-05 17:35:11,248 - Error fetching data for F: 404 Client Error: Not Found for url: https://pokeapi.co/api/v2/pokemon/f
2025-04-05 17:35:21,309 - Error fetching data for F: 404 Client Error: Not Found for url: https://pokeapi.co/api/v2/pokemon/f
2025-04-05 17:35:22,910 - Error fetching data for F: 404 Client Error: Not Found for url: https://pokeapi.co/api/v2/pokemon/f
2025-04-05 17:35:25,310 - Error fetching data for F: 404 Client Error: Not Found for url: https://pokeapi.co/api/v2/pokemon/f
2025-04-05 17:35:28,950 - Error fetching data for F: 404 Client Error: Not Found for url: https://pokeapi.co/api/v2/pokemon/f
2025-04-05 17:35:30,391 - Error fetching data for F: 404 Client Error: Not Found for url: https://pokeapi.co/api/v2/pokemon/f
2025-04-05 17:35:53,063 - Error fetching data for F: 404 Client Error: Not Found for url: https://pokeapi.co/api/v2/pokemon/f
2025-04-05 17:35:54,754 - Error fetching data for F: 404 Client Error: Not Found for url: https://pokeapi.co/api/v2/pokemon/f
2025-04-05 17:36:05,195 - Error fetching data for M: 404 Client Error: Not Found for url: https://pokeapi.co/api/v2/pokemon/m
2025-04-05 17:36:28,695 - Error fetching data for F: 404 Client Error: Not Found for url: https://pokeapi.co/api/v2/pokemon/f
2025-04-05 17:36:29,280 - Error fetching data for M: 404 Client Error: Not Found for url: https://pokeapi.co/api/v2/pokemon/m
2025-04-05 17:36:32,546 - Error fetching data for Urshifu): 404 Client Error: Not Found for url: https://pokeapi.co/api/v2/pokemon/urshifu)
2025-04-05 17:36:35,826 - Error fetching data for Amoonguss): 404 Client Error: Not Found for url: https://pokeapi.co/api/v2/pokemon/amoonguss)
2025-04-05 17:36:38,950 - Error fetching data for F: 404 Client Error: Not Found for url: https://pokeapi.co/api/v2/pokemon/f
2025-04-05 17:36:40,793 - Error fetching data for F: 404 Client Error: Not Found for url: https://pokeapi.co/api/v2/pokemon/f
2025-04-05 17:36:44,754 - Error fetching data for F: 404 Client Error: Not Found for url: https://pokeapi.co/api/v2/pokemon/f
2025-04-05 17:36:46,784 - Error fetching data for F: 404 Client Error: Not Found for url: https://pokeapi.co/api/v2/pokemon/f
2025-04-05 17:36:50,294 - Error fetching data for F: 404 Client Error: Not Found for url: https://pokeapi.co/api/v2/pokemon/f
2025-04-05 17:36:53,888 - Error fetching data for F: 404 Client Error: Not Found for url: https://pokeapi.co/api/v2/pokemon/f
2025-04-05 17:37:00,923 - Error fetching data for F: 404 Client Error: Not Found for url: https://pokeapi.co/api/v2/pokemon/f
2025-04-05 17:37:12,548 - Error fetching data for F: 404 Client Error: Not Found for url: https://pokeapi.co/api/v2/pokemon/f
2025-04-05 17:37:22,824 - Error fetching data for F: 404 Client Error: Not Found for url: https://pokeapi.co/api/v2/pokemon/f
2025-04-05 17:37:32,037 - Error fetching data for Ogerpon-Cornerstone): 404 Client Error: Not Found for url: https://pokeapi.co/api/v2/pokemon/ogerpon-cornerstone)-mask
2025-04-05 17:37:55,168 - Error fetching data for F: 404 Client Error: Not Found for url: https://pokeapi.co/api/v2/pokemon/f
2025-04-05 17:37:56,534 - Error fetching data for F: 404 Client Error: Not Found for url: https://pokeapi.co/api/v2/pokemon/f
2025-04-05 17:39:01,111 - Error fetching data for F: 404 Client Error: Not Found for url: https://pokeapi.co/api/v2/pokemon/f
2025-04-05 17:39:44,180 - Error fetching data for Ogerpon-Hearthflame): 404 Client Error: Not Found for url: https://pokeapi.co/api/v2/pokemon/ogerpon-hearthflame)-mask
2025-04-05 17:39:46,507 - Error fetching data for M: 404 Client Error: Not Found for url: https://pokeapi.co/api/v2/pokemon/m
2025-04-05 17:39:46,799 - Error fetching data for F: 404 Client Error: Not Found for url: https://pokeapi.co/api/v2/pokemon/f
2025-04-05 17:39:47,082 - Error fetching data for M: 404 Client Error: Not Found for url: https://pokeapi.co/api/v2/pokemon/m
2025-04-05 17:39:47,373 - Error fetching data for M: 404 Client Error: Not Found for url: https://pokeapi.co/api/v2/pokemon/m
2025-04-05 17:39:49,361 - Error fetching data for F: 404 Client Error: Not Found for url: https://pokeapi.co/api/v2/pokemon/f
2025-04-05 17:39:52,174 - Error fetching data for F: 404 Client Error: Not Found for url: https://pokeapi.co/api/v2/pokemon/f
2025-04-05 17:40:02,661 - Error fetching data for Clefairy): 404 Client Error: Not Found for url: https://pokeapi.co/api/v2/pokemon/clefairy)
2025-04-05 17:40:04,378 - Error fetching data for Rillaboom): 404 Client Error: Not Found for url: https://pokeapi.co/api/v2/pokemon/rillaboom)
2025-04-05 17:40:06,535 - Error fetching data for Urshifu-Rapid-Strike): 404 Client Error: Not Found for url: https://pokeapi.co/api/v2/pokemon/urshifu-rapid-strike)
2025-04-05 17:40:06,813 - Error fetching data for Ogerpon-Hearthflame): 404 Client Error: Not Found for url: https://pokeapi.co/api/v2/pokemon/ogerpon-hearthflame)-mask
2025-04-05 17:40:15,424 - Error fetching data for F: 404 Client Error: Not Found for url: https://pokeapi.co/api/v2/pokemon/f
2025-04-05 17:40:19,158 - Error fetching data for M: 404 Client Error: Not Found for url: https://pokeapi.co/api/v2/pokemon/m
2025-04-05 17:40:21,471 - Error fetching data for M: 404 Client Error: Not Found for url: https://pokeapi.co/api/v2/pokemon/m
2025-04-05 17:40:30,043 - Error fetching data for M: 404 Client Error: Not Found for url: https://pokeapi.co/api/v2/pokemon/m
2025-04-05 17:40:33,288 - Error fetching data for F: 404 Client Error: Not Found for url: https://pokeapi.co/api/v2/pokemon/f
2025-04-05 17:40:47,567 - Error fetching data for move none: 404 Client Error: Not Found for url: https://pokeapi.co/api/v2/move/none
2025-04-05 17:40:47,627 - Error fetching data for move none: 404 Client Error: Not Found for url: https://pokeapi.co/api/v2/move/none
2025-04-05 17:40:47,679 - Error fetching data for move none: 404 Client Error: Not Found for url: https://pokeapi.co/api/v2/move/none
2025-04-05 17:40:49,014 - Error fetching data for F: 404 Client Error: Not Found for url: https://pokeapi.co/api/v2/pokemon/f
2025-04-05 17:40:57,478 - Error fetching data for F: 404 Client Error: Not Found for url: https://pokeapi.co/api/v2/pokemon/f
2025-04-05 17:41:08,538 - Error fetching data for F: 404 Client Error: Not Found for url: https://pokeapi.co/api/v2/pokemon/f
2025-04-05 17:41:22,658 - Error fetching data for F: 404 Client Error: Not Found for url: https://pokeapi.co/api/v2/pokemon/f
2025-04-05 17:41:29,924 - Error fetching data for F: 404 Client Error: Not Found for url: https://pokeapi.co/api/v2/pokemon/f
2025-04-05 17:41:42,915 - Error fetching data for F: 404 Client Error: Not Found for url: https://pokeapi.co/api/v2/pokemon/f
2025-04-05 17:41:46,675 - Error fetching data for M: 404 Client Error: Not Found for url: https://pokeapi.co/api/v2/pokemon/m
2025-04-05 17:41:50,099 - Error fetching data for F: 404 Client Error: Not Found for url: https://pokeapi.co/api/v2/pokemon/f
2025-04-05 17:41:54,226 - Error fetching data for Ogerpon-Hearthflame): 404 Client Error: Not Found for url: https://pokeapi.co/api/v2/pokemon/ogerpon-hearthflame)-mask
2025-04-05 17:42:00,746 - Error fetching data for F: 404 Client Error: Not Found for url: https://pokeapi.co/api/v2/pokemon/f
2025-04-05 17:42:10,116 - Error fetching data for Clefairy): 404 Client Error: Not Found for url: https://pokeapi.co/api/v2/pokemon/clefairy)
2025-04-05 17:42:40,088 - Error fetching data for M: 404 Client Error: Not Found for url: https://pokeapi.co/api/v2/pokemon/m
2025-04-05 17:42:46,764 - Error fetching data for Incineroar): 404 Client Error: Not Found for url: https://pokeapi.co/api/v2/pokemon/incineroar)
2025-04-05 17:42:47,040 - Error fetching data for Amoonguss): 404 Client Error: Not Found for url: https://pokeapi.co/api/v2/pokemon/amoonguss)
2025-04-05 17:42:47,603 - Error fetching data for Urshifu): 404 Client Error: Not Found for url: https://pokeapi.co/api/v2/pokemon/urshifu)
2025-04-05 17:42:50,722 - Error fetching data for F: 404 Client Error: Not Found for url: https://pokeapi.co/api/v2/pokemon/f
2025-04-05 17:42:55,551 - Error fetching data for F: 404 Client Error: Not Found for url: https://pokeapi.co/api/v2/pokemon/f
2025-04-05 17:43:08,143 - Error fetching data for F: 404 Client Error: Not Found for url: https://pokeapi.co/api/v2/pokemon/f
2025-04-05 17:43:10,978 - Error fetching data for M: 404 Client Error: Not Found for url: https://pokeapi.co/api/v2/pokemon/m
2025-04-05 17:43:18,456 - Error fetching data for M: 404 Client Error: Not Found for url: https://pokeapi.co/api/v2/pokemon/m
2025-04-05 17:43:26,217 - Error fetching data for F: 404 Client Error: Not Found for url: https://pokeapi.co/api/v2/pokemon/f
2025-04-05 17:43:30,083 - Error fetching data for Torkoal): 404 Client Error: Not Found for url: https://pokeapi.co/api/v2/pokemon/torkoal)
2025-04-05 17:43:32,478 - Error fetching data for Farigiraf): 404 Client Error: Not Found for url: https://pokeapi.co/api/v2/pokemon/farigiraf)
2025-04-05 17:43:32,773 - Error fetching data for F: 404 Client Error: Not Found for url: https://pokeapi.co/api/v2/pokemon/f
2025-04-05 17:43:34,729 - Error fetching data for F: 404 Client Error: Not Found for url: https://pokeapi.co/api/v2/pokemon/f
2025-04-05 17:44:06,286 - Error fetching data for F: 404 Client Error: Not Found for url: https://pokeapi.co/api/v2/pokemon/f
2025-04-05 17:44:10,802 - Error fetching data for F: 404 Client Error: Not Found for url: https://pokeapi.co/api/v2/pokemon/f
2025-04-05 17:44:11,644 - Error fetching data for F: 404 Client Error: Not Found for url: https://pokeapi.co/api/v2/pokemon/f
2025-04-05 17:44:18,763 - Error fetching data for F: 404 Client Error: Not Found for url: https://pokeapi.co/api/v2/pokemon/f
2025-04-05 17:44:20,452 - Error fetching data for F: 404 Client Error: Not Found for url: https://pokeapi.co/api/v2/pokemon/f
2025-04-05 17:44:22,610 - Error fetching data for F: 404 Client Error: Not Found for url: https://pokeapi.co/api/v2/pokemon/f
2025-04-05 17:44:28,552 - Error fetching data for Incineroar): 404 Client Error: Not Found for url: https://pokeapi.co/api/v2/pokemon/incineroar)
2025-04-05 17:44:28,811 - Error fetching data for Urshifu): 404 Client Error: Not Found for url: https://pokeapi.co/api/v2/pokemon/urshifu)
2025-04-05 17:44:29,602 - Error fetching data for Farigiraf): 404 Client Error: Not Found for url: https://pokeapi.co/api/v2/pokemon/farigiraf)
2025-04-05 17:44:34,092 - Error fetching data for F: 404 Client Error: Not Found for url: https://pokeapi.co/api/v2/pokemon/f
2025-04-05 17:44:41,133 - Error fetching data for F: 404 Client Error: Not Found for url: https://pokeapi.co/api/v2/pokemon/f
2025-04-05 17:44:42,371 - Error fetching data for F: 404 Client Error: Not Found for url: https://pokeapi.co/api/v2/pokemon/f
2025-04-05 17:44:48,259 - Error fetching data for F: 404 Client Error: Not Found for url: https://pokeapi.co/api/v2/pokemon/f
2025-04-05 17:44:51,385 - Error fetching data for F: 404 Client Error: Not Found for url: https://pokeapi.co/api/v2/pokemon/f
2025-04-05 17:44:52,827 - Error fetching data for F: 404 Client Error: Not Found for url: https://pokeapi.co/api/v2/pokemon/f
2025-04-05 17:45:03,136 - Error fetching data for F: 404 Client Error: Not Found for url: https://pokeapi.co/api/v2/pokemon/f
2025-04-05 17:45:14,762 - Error fetching data for F: 404 Client Error: Not Found for url: https://pokeapi.co/api/v2/pokemon/f
2025-04-05 17:45:22,151 - Error fetching data for M: 404 Client Error: Not Found for url: https://pokeapi.co/api/v2/pokemon/m
2025-04-05 17:45:25,709 - Error fetching data for M: 404 Client Error: Not Found for url: https://pokeapi.co/api/v2/pokemon/m
2025-04-05 17:45:26,261 - Error fetching data for M: 404 Client Error: Not Found for url: https://pokeapi.co/api/v2/pokemon/m
2025-04-05 17:45:26,552 - Error fetching data for M: 404 Client Error: Not Found for url: https://pokeapi.co/api/v2/pokemon/m
2025-04-05 17:45:29,048 - Error fetching data for M: 404 Client Error: Not Found for url: https://pokeapi.co/api/v2/pokemon/m
2025-04-05 17:45:29,315 - Error fetching data for M: 404 Client Error: Not Found for url: https://pokeapi.co/api/v2/pokemon/m
2025-04-05 17:45:30,091 - Error fetching data for M: 404 Client Error: Not Found for url: https://pokeapi.co/api/v2/pokemon/m
2025-04-05 17:45:30,897 - Error fetching data for M: 404 Client Error: Not Found for url: https://pokeapi.co/api/v2/pokemon/m
2025-04-05 17:45:37,109 - Error fetching data for F: 404 Client Error: Not Found for url: https://pokeapi.co/api/v2/pokemon/f
2025-04-05 17:45:38,233 - Error fetching data for M: 404 Client Error: Not Found for url: https://pokeapi.co/api/v2/pokemon/m
2025-04-05 17:45:40,117 - Error fetching data for F: 404 Client Error: Not Found for url: https://pokeapi.co/api/v2/pokemon/f
2025-04-05 17:45:56,371 - Error fetching data for F: 404 Client Error: Not Found for url: https://pokeapi.co/api/v2/pokemon/f
2025-04-05 17:46:13,563 - Error fetching data for F: 404 Client Error: Not Found for url: https://pokeapi.co/api/v2/pokemon/f
2025-04-05 17:46:31,722 - Error fetching data for Incineroar): 404 Client Error: Not Found for url: https://pokeapi.co/api/v2/pokemon/incineroar)
2025-04-05 17:46:33,376 - Error fetching data for Incineroar): 404 Client Error: Not Found for url: https://pokeapi.co/api/v2/pokemon/incineroar)
2025-04-05 17:46:39,466 - Error fetching data for Farigiraf): 404 Client Error: Not Found for url: https://pokeapi.co/api/v2/pokemon/farigiraf)
2025-04-05 17:46:40,862 - Error fetching data for Incineroar): 404 Client Error: Not Found for url: https://pokeapi.co/api/v2/pokemon/incineroar)
2025-04-05 17:46:47,211 - Error fetching data for M: 404 Client Error: Not Found for url: https://pokeapi.co/api/v2/pokemon/m
2025-04-05 17:46:47,477 - Error fetching data for M: 404 Client Error: Not Found for url: https://pokeapi.co/api/v2/pokemon/m
2025-04-05 17:46:51,227 - Error fetching data for M: 404 Client Error: Not Found for url: https://pokeapi.co/api/v2/pokemon/m
2025-04-05 17:46:51,501 - Error fetching data for M: 404 Client Error: Not Found for url: https://pokeapi.co/api/v2/pokemon/m
2025-04-05 17:46:51,758 - Error fetching data for M: 404 Client Error: Not Found for url: https://pokeapi.co/api/v2/pokemon/m
2025-04-05 17:46:57,690 - Error fetching data for M: 404 Client Error: Not Found for url: https://pokeapi.co/api/v2/pokemon/m
2025-04-05 17:47:04,721 - Error fetching data for F: 404 Client Error: Not Found for url: https://pokeapi.co/api/v2/pokemon/f
2025-04-05 17:47:08,374 - Error fetching data for F: 404 Client Error: Not Found for url: https://pokeapi.co/api/v2/pokemon/f
2025-04-05 17:47:10,040 - Error fetching data for F: 404 Client Error: Not Found for url: https://pokeapi.co/api/v2/pokemon/f
2025-04-05 17:47:14,907 - Error fetching data for F: 404 Client Error: Not Found for url: https://pokeapi.co/api/v2/pokemon/f
2025-04-05 17:47:37,563 - Error fetching data for F: 404 Client Error: Not Found for url: https://pokeapi.co/api/v2/pokemon/f
2025-04-05 17:47:40,966 - Error fetching data for F: 404 Client Error: Not Found for url: https://pokeapi.co/api/v2/pokemon/f
2025-04-05 17:47:53,816 - Error fetching data for F: 404 Client Error: Not Found for url: https://pokeapi.co/api/v2/pokemon/f
2025-04-05 17:47:54,391 - Error fetching data for F: 404 Client Error: Not Found for url: https://pokeapi.co/api/v2/pokemon/f
2025-04-05 17:48:02,876 - Error fetching data for M: 404 Client Error: Not Found for url: https://pokeapi.co/api/v2/pokemon/m
2025-04-05 17:48:04,944 - Error fetching data for M: 404 Client Error: Not Found for url: https://pokeapi.co/api/v2/pokemon/m
2025-04-05 17:48:19,191 - Error fetching data for M: 404 Client Error: Not Found for url: https://pokeapi.co/api/v2/pokemon/m
2025-04-05 17:48:19,457 - Error fetching data for M: 404 Client Error: Not Found for url: https://pokeapi.co/api/v2/pokemon/m
2025-04-05 17:48:19,722 - Error fetching data for M: 404 Client Error: Not Found for url: https://pokeapi.co/api/v2/pokemon/m
2025-04-05 17:48:19,990 - Error fetching data for M: 404 Client Error: Not Found for url: https://pokeapi.co/api/v2/pokemon/m
2025-04-05 17:48:20,829 - Error fetching data for M: 404 Client Error: Not Found for url: https://pokeapi.co/api/v2/pokemon/m
2025-04-05 17:48:21,120 - Error fetching data for M: 404 Client Error: Not Found for url: https://pokeapi.co/api/v2/pokemon/m
2025-04-05 17:48:21,678 - Error fetching data for M: 404 Client Error: Not Found for url: https://pokeapi.co/api/v2/pokemon/m
2025-04-05 17:48:27,448 - Error fetching data for F: 404 Client Error: Not Found for url: https://pokeapi.co/api/v2/pokemon/f
2025-04-05 17:48:31,733 - Error fetching data for F: 404 Client Error: Not Found for url: https://pokeapi.co/api/v2/pokemon/f
2025-04-05 17:48:41,422 - Error fetching data for F: 404 Client Error: Not Found for url: https://pokeapi.co/api/v2/pokemon/f
2025-04-05 17:48:46,964 - Error fetching data for F: 404 Client Error: Not Found for url: https://pokeapi.co/api/v2/pokemon/f
2025-04-05 17:49:03,482 - Error fetching data for M: 404 Client Error: Not Found for url: https://pokeapi.co/api/v2/pokemon/m
2025-04-05 17:49:06,817 - Error fetching data for F: 404 Client Error: Not Found for url: https://pokeapi.co/api/v2/pokemon/f
2025-04-05 17:49:19,031 - Error fetching data for M: 404 Client Error: Not Found for url: https://pokeapi.co/api/v2/pokemon/m
2025-04-05 17:49:19,283 - Error fetching data for M: 404 Client Error: Not Found for url: https://pokeapi.co/api/v2/pokemon/m
2025-04-05 17:49:19,540 - Error fetching data for M: 404 Client Error: Not Found for url: https://pokeapi.co/api/v2/pokemon/m
2025-04-05 17:49:26,946 - Error fetching data for F: 404 Client Error: Not Found for url: https://pokeapi.co/api/v2/pokemon/f
2025-04-05 17:49:28,460 - Error fetching data for F: 404 Client Error: Not Found for url: https://pokeapi.co/api/v2/pokemon/f
2025-04-05 17:49:31,564 - Error fetching data for F: 404 Client Error: Not Found for url: https://pokeapi.co/api/v2/pokemon/f
2025-04-05 17:49:32,587 - Error fetching data for F: 404 Client Error: Not Found for url: https://pokeapi.co/api/v2/pokemon/f
2025-04-05 17:49:35,971 - Error fetching data for F: 404 Client Error: Not Found for url: https://pokeapi.co/api/v2/pokemon/f
2025-04-05 17:49:37,857 - Error fetching data for M: 404 Client Error: Not Found for url: https://pokeapi.co/api/v2/pokemon/m
2025-04-05 17:49:43,086 - Error fetching data for F: 404 Client Error: Not Found for url: https://pokeapi.co/api/v2/pokemon/f
2025-04-05 17:49:48,389 - Error fetching data for F: 404 Client Error: Not Found for url: https://pokeapi.co/api/v2/pokemon/f
2025-04-05 17:49:50,261 - Error fetching data for F: 404 Client Error: Not Found for url: https://pokeapi.co/api/v2/pokemon/f
2025-04-05 17:49:54,553 - Error fetching data for F: 404 Client Error: Not Found for url: https://pokeapi.co/api/v2/pokemon/f
2025-04-05 17:49:54,821 - Error fetching data for M: 404 Client Error: Not Found for url: https://pokeapi.co/api/v2/pokemon/m
2025-04-05 17:50:01,589 - Error fetching data for F: 404 Client Error: Not Found for url: https://pokeapi.co/api/v2/pokemon/f
2025-04-05 17:50:08,125 - Error fetching data for F: 404 Client Error: Not Found for url: https://pokeapi.co/api/v2/pokemon/f
2025-04-05 17:50:09,615 - Error fetching data for F: 404 Client Error: Not Found for url: https://pokeapi.co/api/v2/pokemon/f
2025-04-05 17:50:12,456 - Error fetching data for M: 404 Client Error: Not Found for url: https://pokeapi.co/api/v2/pokemon/m
2025-04-05 17:50:15,480 - Error fetching data for F: 404 Client Error: Not Found for url: https://pokeapi.co/api/v2/pokemon/f
2025-04-05 17:50:18,201 - Error fetching data for F: 404 Client Error: Not Found for url: https://pokeapi.co/api/v2/pokemon/f
2025-04-05 17:50:21,302 - Error fetching data for M: 404 Client Error: Not Found for url: https://pokeapi.co/api/v2/pokemon/m
2025-04-05 17:50:44,697 - Error fetching data for Torkoal): 404 Client Error: Not Found for url: https://pokeapi.co/api/v2/pokemon/torkoal)
2025-04-05 17:50:47,893 - Error fetching data for Ursaluna): 404 Client Error: Not Found for url: https://pokeapi.co/api/v2/pokemon/ursaluna)
2025-04-05 17:50:48,177 - Error fetching data for Torkoal): 404 Client Error: Not Found for url: https://pokeapi.co/api/v2/pokemon/torkoal)
2025-04-05 17:50:53,460 - Error fetching data for M: 404 Client Error: Not Found for url: https://pokeapi.co/api/v2/pokemon/m
2025-04-05 17:50:54,447 - Error fetching data for M: 404 Client Error: Not Found for url: https://pokeapi.co/api/v2/pokemon/m
2025-04-05 17:51:00,500 - Error fetching data for Rillaboom): 404 Client Error: Not Found for url: https://pokeapi.co/api/v2/pokemon/rillaboom)
2025-04-05 17:51:09,095 - Error fetching data for M: 404 Client Error: Not Found for url: https://pokeapi.co/api/v2/pokemon/m
2025-04-05 17:51:09,397 - Error fetching data for F: 404 Client Error: Not Found for url: https://pokeapi.co/api/v2/pokemon/f
2025-04-05 17:51:09,967 - Error fetching data for M: 404 Client Error: Not Found for url: https://pokeapi.co/api/v2/pokemon/m
2025-04-05 17:51:15,791 - Error fetching data for F: 404 Client Error: Not Found for url: https://pokeapi.co/api/v2/pokemon/f
2025-04-05 17:51:16,040 - Error fetching data for F: 404 Client Error: Not Found for url: https://pokeapi.co/api/v2/pokemon/f
2025-04-05 17:51:16,300 - Error fetching data for F: 404 Client Error: Not Found for url: https://pokeapi.co/api/v2/pokemon/f
2025-04-05 17:51:16,563 - Error fetching data for M: 404 Client Error: Not Found for url: https://pokeapi.co/api/v2/pokemon/m
2025-04-05 17:51:16,796 - Error fetching data for F: 404 Client Error: Not Found for url: https://pokeapi.co/api/v2/pokemon/f
2025-04-05 17:51:24,612 - Error fetching data for M: 404 Client Error: Not Found for url: https://pokeapi.co/api/v2/pokemon/m
2025-04-05 17:51:38,959 - Error fetching data for M: 404 Client Error: Not Found for url: https://pokeapi.co/api/v2/pokemon/m
2025-04-05 17:51:42,717 - Error fetching data for F: 404 Client Error: Not Found for url: https://pokeapi.co/api/v2/pokemon/f
2025-04-05 17:51:48,798 - Error fetching data for M: 404 Client Error: Not Found for url: https://pokeapi.co/api/v2/pokemon/m
2025-04-05 17:51:51,430 - Error fetching data for F: 404 Client Error: Not Found for url: https://pokeapi.co/api/v2/pokemon/f
2025-04-05 17:51:57,530 - Error fetching data for F: 404 Client Error: Not Found for url: https://pokeapi.co/api/v2/pokemon/f
2025-04-05 17:51:59,120 - Error fetching data for F: 404 Client Error: Not Found for url: https://pokeapi.co/api/v2/pokemon/f
2025-04-05 17:52:02,861 - Error fetching data for Ogerpon-Wellspring): 404 Client Error: Not Found for url: https://pokeapi.co/api/v2/pokemon/ogerpon-wellspring)-mask
2025-04-05 17:52:07,918 - Error fetching data for F: 404 Client Error: Not Found for url: https://pokeapi.co/api/v2/pokemon/f
2025-04-05 17:52:14,929 - Error fetching data for F: 404 Client Error: Not Found for url: https://pokeapi.co/api/v2/pokemon/f
2025-04-05 17:52:16,509 - Error fetching data for Ogerpon-Wellspring): 404 Client Error: Not Found for url: https://pokeapi.co/api/v2/pokemon/ogerpon-wellspring)-mask
2025-04-05 17:52:27,224 - Error fetching data for F: 404 Client Error: Not Found for url: https://pokeapi.co/api/v2/pokemon/f
2025-04-05 17:52:41,400 - Error fetching data for F: 404 Client Error: Not Found for url: https://pokeapi.co/api/v2/pokemon/f
2025-04-05 17:52:44,207 - Error fetching data for F: 404 Client Error: Not Found for url: https://pokeapi.co/api/v2/pokemon/f
2025-04-05 17:52:46,922 - Error fetching data for F: 404 Client Error: Not Found for url: https://pokeapi.co/api/v2/pokemon/f
2025-04-05 17:52:47,203 - Error fetching data for M: 404 Client Error: Not Found for url: https://pokeapi.co/api/v2/pokemon/m
2025-04-05 17:52:47,503 - Error fetching data for F: 404 Client Error: Not Found for url: https://pokeapi.co/api/v2/pokemon/f
2025-04-05 17:52:49,496 - Error fetching data for F: 404 Client Error: Not Found for url: https://pokeapi.co/api/v2/pokemon/f
2025-04-05 17:52:53,941 - Error fetching data for F: 404 Client Error: Not Found for url: https://pokeapi.co/api/v2/pokemon/f
2025-04-05 17:52:56,142 - Error fetching data for M: 404 Client Error: Not Found for url: https://pokeapi.co/api/v2/pokemon/m
2025-04-05 17:53:03,397 - Error fetching data for F: 404 Client Error: Not Found for url: https://pokeapi.co/api/v2/pokemon/f
2025-04-05 17:53:20,764 - Error fetching data for M: 404 Client Error: Not Found for url: https://pokeapi.co/api/v2/pokemon/m
2025-04-05 17:53:21,010 - Error fetching data for M: 404 Client Error: Not Found for url: https://pokeapi.co/api/v2/pokemon/m
2025-04-05 17:53:21,504 - Error fetching data for F: 404 Client Error: Not Found for url: https://pokeapi.co/api/v2/pokemon/f
2025-04-05 17:53:25,501 - Error fetching data for F: 404 Client Error: Not Found for url: https://pokeapi.co/api/v2/pokemon/f
2025-04-05 17:53:27,115 - Error fetching data for F: 404 Client Error: Not Found for url: https://pokeapi.co/api/v2/pokemon/f
2025-04-05 17:53:28,462 - Error fetching data for F: 404 Client Error: Not Found for url: https://pokeapi.co/api/v2/pokemon/f
2025-04-05 17:53:35,519 - Error fetching data for F: 404 Client Error: Not Found for url: https://pokeapi.co/api/v2/pokemon/f
2025-04-05 17:53:36,948 - Error fetching data for F: 404 Client Error: Not Found for url: https://pokeapi.co/api/v2/pokemon/f
2025-04-05 17:53:39,161 - Error fetching data for F: 404 Client Error: Not Found for url: https://pokeapi.co/api/v2/pokemon/f
2025-04-05 17:53:40,884 - Error fetching data for F: 404 Client Error: Not Found for url: https://pokeapi.co/api/v2/pokemon/f
2025-04-05 17:53:45,272 - Error fetching data for F: 404 Client Error: Not Found for url: https://pokeapi.co/api/v2/pokemon/f
2025-04-05 17:53:48,129 - Error fetching data for F: 404 Client Error: Not Found for url: https://pokeapi.co/api/v2/pokemon/f
2025-04-05 17:53:49,553 - Error fetching data for F: 404 Client Error: Not Found for url: https://pokeapi.co/api/v2/pokemon/f
2025-04-05 17:53:56,198 - Error fetching data for F: 404 Client Error: Not Found for url: https://pokeapi.co/api/v2/pokemon/f
2025-04-05 17:54:01,071 - Error fetching data for F: 404 Client Error: Not Found for url: https://pokeapi.co/api/v2/pokemon/f
2025-04-05 17:54:05,903 - Error fetching data for F: 404 Client Error: Not Found for url: https://pokeapi.co/api/v2/pokemon/f
2025-04-05 17:54:09,740 - Error fetching data for F: 404 Client Error: Not Found for url: https://pokeapi.co/api/v2/pokemon/f
2025-04-05 17:54:11,181 - Error fetching data for F: 404 Client Error: Not Found for url: https://pokeapi.co/api/v2/pokemon/f
2025-04-05 17:54:17,051 - Error fetching data for F: 404 Client Error: Not Found for url: https://pokeapi.co/api/v2/pokemon/f
2025-04-05 17:54:22,416 - Error fetching data for F: 404 Client Error: Not Found for url: https://pokeapi.co/api/v2/pokemon/f
2025-04-05 17:54:29,129 - Error fetching data for Ogerpon-Hearthflame): 404 Client Error: Not Found for url: https://pokeapi.co/api/v2/pokemon/ogerpon-hearthflame)-mask
2025-04-05 17:54:43,879 - Error fetching data for M: 404 Client Error: Not Found for url: https://pokeapi.co/api/v2/pokemon/m
2025-04-05 17:54:45,663 - Error fetching data for F: 404 Client Error: Not Found for url: https://pokeapi.co/api/v2/pokemon/f
2025-04-05 17:54:47,705 - Error fetching data for F: 404 Client Error: Not Found for url: https://pokeapi.co/api/v2/pokemon/f
2025-04-05 17:54:51,067 - Error fetching data for M: 404 Client Error: Not Found for url: https://pokeapi.co/api/v2/pokemon/m
2025-04-05 17:54:51,346 - Error fetching data for M: 404 Client Error: Not Found for url: https://pokeapi.co/api/v2/pokemon/m
2025-04-05 17:54:51,606 - Error fetching data for M: 404 Client Error: Not Found for url: https://pokeapi.co/api/v2/pokemon/m
2025-04-05 17:54:52,124 - Error fetching data for F: 404 Client Error: Not Found for url: https://pokeapi.co/api/v2/pokemon/f
2025-04-05 17:54:52,374 - Error fetching data for M: 404 Client Error: Not Found for url: https://pokeapi.co/api/v2/pokemon/m
2025-04-05 17:54:55,090 - Error fetching data for F: 404 Client Error: Not Found for url: https://pokeapi.co/api/v2/pokemon/f
2025-04-05 17:55:04,310 - Error fetching data for M: 404 Client Error: Not Found for url: https://pokeapi.co/api/v2/pokemon/m
2025-04-05 17:55:04,838 - Error fetching data for F: 404 Client Error: Not Found for url: https://pokeapi.co/api/v2/pokemon/f
2025-04-05 17:55:09,304 - Error fetching data for F: 404 Client Error: Not Found for url: https://pokeapi.co/api/v2/pokemon/f
2025-04-05 17:55:14,272 - Error fetching data for F: 404 Client Error: Not Found for url: https://pokeapi.co/api/v2/pokemon/f
2025-04-05 17:55:15,788 - Error fetching data for F: 404 Client Error: Not Found for url: https://pokeapi.co/api/v2/pokemon/f
2025-04-05 17:55:19,961 - Error fetching data for F: 404 Client Error: Not Found for url: https://pokeapi.co/api/v2/pokemon/f
2025-04-05 17:55:20,206 - Error fetching data for F: 404 Client Error: Not Found for url: https://pokeapi.co/api/v2/pokemon/f
2025-04-05 17:55:22,239 - Error fetching data for M: 404 Client Error: Not Found for url: https://pokeapi.co/api/v2/pokemon/m
2025-04-05 17:55:22,459 - Error fetching data for M: 404 Client Error: Not Found for url: https://pokeapi.co/api/v2/pokemon/m
2025-04-05 17:55:22,685 - Error fetching data for M: 404 Client Error: Not Found for url: https://pokeapi.co/api/v2/pokemon/m
2025-04-05 17:55:22,950 - Error fetching data for F: 404 Client Error: Not Found for url: https://pokeapi.co/api/v2/pokemon/f
2025-04-05 17:55:30,811 - Error fetching data for F: 404 Client Error: Not Found for url: https://pokeapi.co/api/v2/pokemon/f
2025-04-05 17:55:31,576 - Error fetching data for F: 404 Client Error: Not Found for url: https://pokeapi.co/api/v2/pokemon/f
2025-04-05 17:55:34,326 - Error fetching data for F: 404 Client Error: Not Found for url: https://pokeapi.co/api/v2/pokemon/f
2025-04-05 17:55:34,835 - Error fetching data for F: 404 Client Error: Not Found for url: https://pokeapi.co/api/v2/pokemon/f
2025-04-05 17:55:35,083 - Error fetching data for F: 404 Client Error: Not Found for url: https://pokeapi.co/api/v2/pokemon/f
2025-04-05 17:55:36,558 - Error fetching data for F: 404 Client Error: Not Found for url: https://pokeapi.co/api/v2/pokemon/f
2025-04-05 17:55:38,097 - Error fetching data for F: 404 Client Error: Not Found for url: https://pokeapi.co/api/v2/pokemon/f
2025-04-05 17:55:38,900 - Error fetching data for F: 404 Client Error: Not Found for url: https://pokeapi.co/api/v2/pokemon/f
2025-04-05 17:55:40,509 - Error fetching data for M: 404 Client Error: Not Found for url: https://pokeapi.co/api/v2/pokemon/m
2025-04-05 17:55:42,382 - Error fetching data for M: 404 Client Error: Not Found for url: https://pokeapi.co/api/v2/pokemon/m
2025-04-05 17:55:43,932 - Error fetching data for M: 404 Client Error: Not Found for url: https://pokeapi.co/api/v2/pokemon/m
2025-04-05 17:55:44,493 - Error fetching data for M: 404 Client Error: Not Found for url: https://pokeapi.co/api/v2/pokemon/m
2025-04-05 17:55:46,283 - Error fetching data for M: 404 Client Error: Not Found for url: https://pokeapi.co/api/v2/pokemon/m
2025-04-05 17:55:49,529 - Error fetching data for M: 404 Client Error: Not Found for url: https://pokeapi.co/api/v2/pokemon/m
2025-04-05 17:55:51,520 - Error fetching data for M: 404 Client Error: Not Found for url: https://pokeapi.co/api/v2/pokemon/m
2025-04-05 17:55:52,053 - Error fetching data for M: 404 Client Error: Not Found for url: https://pokeapi.co/api/v2/pokemon/m
2025-04-05 17:55:52,331 - Error fetching data for M: 404 Client Error: Not Found for url: https://pokeapi.co/api/v2/pokemon/m
2025-04-05 17:55:58,341 - Error fetching data for F: 404 Client Error: Not Found for url: https://pokeapi.co/api/v2/pokemon/f
2025-04-05 17:56:01,958 - Error fetching data for F: 404 Client Error: Not Found for url: https://pokeapi.co/api/v2/pokemon/f
2025-04-05 17:56:15,821 - Error fetching data for F: 404 Client Error: Not Found for url: https://pokeapi.co/api/v2/pokemon/f
2025-04-05 17:56:17,145 - Error fetching data for M: 404 Client Error: Not Found for url: https://pokeapi.co/api/v2/pokemon/m
2025-04-05 17:56:17,412 - Error fetching data for F: 404 Client Error: Not Found for url: https://pokeapi.co/api/v2/pokemon/f
2025-04-05 17:56:18,211 - Error fetching data for M: 404 Client Error: Not Found for url: https://pokeapi.co/api/v2/pokemon/m
2025-04-05 17:56:18,488 - Error fetching data for M: 404 Client Error: Not Found for url: https://pokeapi.co/api/v2/pokemon/m
2025-04-05 17:56:18,733 - Error fetching data for M: 404 Client Error: Not Found for url: https://pokeapi.co/api/v2/pokemon/m
2025-04-05 17:56:19,247 - Error fetching data for M: 404 Client Error: Not Found for url: https://pokeapi.co/api/v2/pokemon/m
2025-04-05 17:56:20,296 - Error fetching data for F: 404 Client Error: Not Found for url: https://pokeapi.co/api/v2/pokemon/f
2025-04-05 17:56:22,085 - Error fetching data for M: 404 Client Error: Not Found for url: https://pokeapi.co/api/v2/pokemon/m
2025-04-05 17:56:22,340 - Error fetching data for M: 404 Client Error: Not Found for url: https://pokeapi.co/api/v2/pokemon/m
2025-04-05 17:56:23,140 - Error fetching data for M: 404 Client Error: Not Found for url: https://pokeapi.co/api/v2/pokemon/m
2025-04-05 17:56:23,399 - Error fetching data for F: 404 Client Error: Not Found for url: https://pokeapi.co/api/v2/pokemon/f
2025-04-05 17:56:23,754 - Error fetching data for M: 404 Client Error: Not Found for url: https://pokeapi.co/api/v2/pokemon/m
2025-04-05 17:56:23,990 - Error fetching data for M: 404 Client Error: Not Found for url: https://pokeapi.co/api/v2/pokemon/m
2025-04-05 17:56:24,490 - Error fetching data for M: 404 Client Error: Not Found for url: https://pokeapi.co/api/v2/pokemon/m
2025-04-05 17:56:24,730 - Error fetching data for F: 404 Client Error: Not Found for url: https://pokeapi.co/api/v2/pokemon/f
2025-04-05 17:56:24,970 - Error fetching data for M: 404 Client Error: Not Found for url: https://pokeapi.co/api/v2/pokemon/m
2025-04-05 17:56:25,251 - Error fetching data for M: 404 Client Error: Not Found for url: https://pokeapi.co/api/v2/pokemon/m
2025-04-05 17:56:34,620 - Error fetching data for M: 404 Client Error: Not Found for url: https://pokeapi.co/api/v2/pokemon/m
2025-04-05 17:56:39,182 - Error fetching data for F: 404 Client Error: Not Found for url: https://pokeapi.co/api/v2/pokemon/f
2025-04-05 17:56:45,627 - Error fetching data for F: 404 Client Error: Not Found for url: https://pokeapi.co/api/v2/pokemon/f
2025-04-05 17:56:46,625 - Error fetching data for F: 404 Client Error: Not Found for url: https://pokeapi.co/api/v2/pokemon/f
2025-04-05 17:56:48,419 - Error fetching data for M: 404 Client Error: Not Found for url: https://pokeapi.co/api/v2/pokemon/m
2025-04-05 17:57:00,622 - Error fetching data for Whimsicott): 404 Client Error: Not Found for url: https://pokeapi.co/api/v2/pokemon/whimsicott)
2025-04-05 17:57:01,127 - Error fetching data for Urshifu-Rapid-Strike): 404 Client Error: Not Found for url: https://pokeapi.co/api/v2/pokemon/urshifu-rapid-strike)
2025-04-05 17:57:03,038 - Error fetching data for Pawmot): 404 Client Error: Not Found for url: https://pokeapi.co/api/v2/pokemon/pawmot)
2025-04-05 17:57:04,695 - Error fetching data for Ogerpon-Wellspring): 404 Client Error: Not Found for url: https://pokeapi.co/api/v2/pokemon/ogerpon-wellspring)-mask
2025-04-05 17:57:08,464 - Error fetching data for F: 404 Client Error: Not Found for url: https://pokeapi.co/api/v2/pokemon/f
2025-04-05 17:57:09,186 - Error fetching data for M: 404 Client Error: Not Found for url: https://pokeapi.co/api/v2/pokemon/m
2025-04-05 17:57:12,198 - Error fetching data for F: 404 Client Error: Not Found for url: https://pokeapi.co/api/v2/pokemon/f
2025-04-05 17:57:16,053 - Error fetching data for M: 404 Client Error: Not Found for url: https://pokeapi.co/api/v2/pokemon/m
2025-04-05 17:57:40,918 - Error fetching data for F: 404 Client Error: Not Found for url: https://pokeapi.co/api/v2/pokemon/f
2025-04-05 17:57:42,181 - Error fetching data for F: 404 Client Error: Not Found for url: https://pokeapi.co/api/v2/pokemon/f
2025-04-05 17:57:43,772 - Error fetching data for F: 404 Client Error: Not Found for url: https://pokeapi.co/api/v2/pokemon/f
2025-04-05 17:57:45,049 - Error fetching data for F: 404 Client Error: Not Found for url: https://pokeapi.co/api/v2/pokemon/f
2025-04-05 17:57:47,594 - Error fetching data for F: 404 Client Error: Not Found for url: https://pokeapi.co/api/v2/pokemon/f
2025-04-05 17:57:49,464 - Error fetching data for F: 404 Client Error: Not Found for url: https://pokeapi.co/api/v2/pokemon/f
2025-04-05 17:57:49,708 - Error fetching data for F: 404 Client Error: Not Found for url: https://pokeapi.co/api/v2/pokemon/f
2025-04-05 17:57:49,976 - Error fetching data for F: 404 Client Error: Not Found for url: https://pokeapi.co/api/v2/pokemon/f
2025-04-05 17:57:50,226 - Error fetching data for F: 404 Client Error: Not Found for url: https://pokeapi.co/api/v2/pokemon/f
2025-04-05 17:57:50,475 - Error fetching data for F: 404 Client Error: Not Found for url: https://pokeapi.co/api/v2/pokemon/f
2025-04-05 17:58:06,778 - Error fetching data for Sableye): 404 Client Error: Not Found for url: https://pokeapi.co/api/v2/pokemon/sableye)
2025-04-05 17:58:09,034 - Error fetching data for Shiftry): 404 Client Error: Not Found for url: https://pokeapi.co/api/v2/pokemon/shiftry)
2025-04-05 17:58:09,555 - Error fetching data for Amoonguss): 404 Client Error: Not Found for url: https://pokeapi.co/api/v2/pokemon/amoonguss)
2025-04-05 17:58:14,594 - Error fetching data for Terapagos-Stellar): 404 Client Error: Not Found for url: https://pokeapi.co/api/v2/pokemon/terapagos-stellar)
2025-04-05 17:58:14,849 - Error fetching data for Ogerpon-Hearthflame): 404 Client Error: Not Found for url: https://pokeapi.co/api/v2/pokemon/ogerpon-hearthflame)-mask
2025-04-05 17:58:16,663 - Error fetching data for Smeargle): 404 Client Error: Not Found for url: https://pokeapi.co/api/v2/pokemon/smeargle)
2025-04-05 17:58:18,880 - Error fetching data for F: 404 Client Error: Not Found for url: https://pokeapi.co/api/v2/pokemon/f
2025-04-05 17:58:19,881 - Error fetching data for F: 404 Client Error: Not Found for url: https://pokeapi.co/api/v2/pokemon/f
2025-04-05 17:58:33,147 - Error fetching data for F: 404 Client Error: Not Found for url: https://pokeapi.co/api/v2/pokemon/f
2025-04-05 17:58:46,757 - Error fetching data for M: 404 Client Error: Not Found for url: https://pokeapi.co/api/v2/pokemon/m
2025-04-05 17:58:46,989 - Error fetching data for F: 404 Client Error: Not Found for url: https://pokeapi.co/api/v2/pokemon/f
2025-04-05 17:58:47,709 - Error fetching data for F: 404 Client Error: Not Found for url: https://pokeapi.co/api/v2/pokemon/f
2025-04-05 17:58:52,332 - Error fetching data for F: 404 Client Error: Not Found for url: https://pokeapi.co/api/v2/pokemon/f
2025-04-05 17:58:54,028 - Error fetching data for F: 404 Client Error: Not Found for url: https://pokeapi.co/api/v2/pokemon/f
2025-04-05 17:58:55,793 - Error fetching data for F: 404 Client Error: Not Found for url: https://pokeapi.co/api/v2/pokemon/f
2025-04-05 17:58:57,424 - Error fetching data for Terapagos): 404 Client Error: Not Found for url: https://pokeapi.co/api/v2/pokemon/terapagos)
2025-04-05 17:58:59,996 - Error fetching data for Volcarona): 404 Client Error: Not Found for url: https://pokeapi.co/api/v2/pokemon/volcarona)
2025-04-05 17:59:01,061 - Error fetching data for F: 404 Client Error: Not Found for url: https://pokeapi.co/api/v2/pokemon/f
2025-04-05 17:59:16,998 - Error fetching data for F: 404 Client Error: Not Found for url: https://pokeapi.co/api/v2/pokemon/f
2025-04-05 17:59:25,953 - Error fetching data for F: 404 Client Error: Not Found for url: https://pokeapi.co/api/v2/pokemon/f
2025-04-05 17:59:33,145 - Error fetching data for Kingambit): 404 Client Error: Not Found for url: https://pokeapi.co/api/v2/pokemon/kingambit)
2025-04-05 17:59:33,663 - Error fetching data for Rillaboom): 404 Client Error: Not Found for url: https://pokeapi.co/api/v2/pokemon/rillaboom)
2025-04-05 17:59:33,943 - Error fetching data for Incineroar): 404 Client Error: Not Found for url: https://pokeapi.co/api/v2/pokemon/incineroar)
2025-04-05 17:59:41,034 - Error fetching data for F: 404 Client Error: Not Found for url: https://pokeapi.co/api/v2/pokemon/f
2025-04-05 17:59:42,823 - Error fetching data for F: 404 Client Error: Not Found for url: https://pokeapi.co/api/v2/pokemon/f
2025-04-05 17:59:51,088 - Error fetching data for M: 404 Client Error: Not Found for url: https://pokeapi.co/api/v2/pokemon/m
2025-04-05 17:59:57,086 - Error fetching data for F: 404 Client Error: Not Found for url: https://pokeapi.co/api/v2/pokemon/f
2025-04-05 17:59:59,876 - Error fetching data for F: 404 Client Error: Not Found for url: https://pokeapi.co/api/v2/pokemon/f
2025-04-05 18:00:05,155 - Error fetching data for F: 404 Client Error: Not Found for url: https://pokeapi.co/api/v2/pokemon/f
2025-04-05 18:00:09,672 - Error fetching data for F: 404 Client Error: Not Found for url: https://pokeapi.co/api/v2/pokemon/f
2025-04-05 18:00:09,905 - Error fetching data for M: 404 Client Error: Not Found for url: https://pokeapi.co/api/v2/pokemon/m
2025-04-05 18:00:14,532 - Error fetching data for F: 404 Client Error: Not Found for url: https://pokeapi.co/api/v2/pokemon/f
2025-04-05 18:00:18,727 - Error fetching data for M: 404 Client Error: Not Found for url: https://pokeapi.co/api/v2/pokemon/m
2025-04-05 18:00:18,993 - Error fetching data for M: 404 Client Error: Not Found for url: https://pokeapi.co/api/v2/pokemon/m
2025-04-05 18:00:19,505 - Error fetching data for M: 404 Client Error: Not Found for url: https://pokeapi.co/api/v2/pokemon/m
2025-04-05 18:00:20,732 - Error fetching data for F: 404 Client Error: Not Found for url: https://pokeapi.co/api/v2/pokemon/f
2025-04-05 18:00:22,256 - Error fetching data for F: 404 Client Error: Not Found for url: https://pokeapi.co/api/v2/pokemon/f
2025-04-05 18:00:23,272 - Error fetching data for M: 404 Client Error: Not Found for url: https://pokeapi.co/api/v2/pokemon/m
2025-04-05 18:00:23,548 - Error fetching data for F: 404 Client Error: Not Found for url: https://pokeapi.co/api/v2/pokemon/f
2025-04-05 18:00:23,833 - Error fetching data for M: 404 Client Error: Not Found for url: https://pokeapi.co/api/v2/pokemon/m
2025-04-05 18:00:24,121 - Error fetching data for M: 404 Client Error: Not Found for url: https://pokeapi.co/api/v2/pokemon/m
2025-04-05 18:00:26,972 - Error fetching data for F: 404 Client Error: Not Found for url: https://pokeapi.co/api/v2/pokemon/f
2025-04-05 18:00:33,140 - Error fetching data for F: 404 Client Error: Not Found for url: https://pokeapi.co/api/v2/pokemon/f
2025-04-05 18:00:38,112 - Error fetching data for M: 404 Client Error: Not Found for url: https://pokeapi.co/api/v2/pokemon/m
2025-04-05 18:00:39,419 - Error fetching data for F: 404 Client Error: Not Found for url: https://pokeapi.co/api/v2/pokemon/f
2025-04-05 18:00:42,188 - Error fetching data for M: 404 Client Error: Not Found for url: https://pokeapi.co/api/v2/pokemon/m
2025-04-05 18:00:42,419 - Error fetching data for M: 404 Client Error: Not Found for url: https://pokeapi.co/api/v2/pokemon/m
2025-04-05 18:00:42,650 - Error fetching data for F: 404 Client Error: Not Found for url: https://pokeapi.co/api/v2/pokemon/f
2025-04-05 18:00:47,730 - Error fetching data for F: 404 Client Error: Not Found for url: https://pokeapi.co/api/v2/pokemon/f
2025-04-05 18:00:47,956 - Error fetching data for M: 404 Client Error: Not Found for url: https://pokeapi.co/api/v2/pokemon/m
2025-04-05 18:00:48,189 - Error fetching data for F: 404 Client Error: Not Found for url: https://pokeapi.co/api/v2/pokemon/f
2025-04-05 18:00:48,687 - Error fetching data for M: 404 Client Error: Not Found for url: https://pokeapi.co/api/v2/pokemon/m
2025-04-05 18:01:03,792 - Error fetching data for F: 404 Client Error: Not Found for url: https://pokeapi.co/api/v2/pokemon/f
2025-04-05 18:01:05,147 - Error fetching data for F: 404 Client Error: Not Found for url: https://pokeapi.co/api/v2/pokemon/f
2025-04-05 18:01:06,445 - Error fetching data for F: 404 Client Error: Not Found for url: https://pokeapi.co/api/v2/pokemon/f
2025-04-05 18:01:08,048 - Error fetching data for F: 404 Client Error: Not Found for url: https://pokeapi.co/api/v2/pokemon/f
2025-04-05 18:01:11,018 - Error fetching data for F: 404 Client Error: Not Found for url: https://pokeapi.co/api/v2/pokemon/f
2025-04-05 18:01:14,674 - Error fetching data for F: 404 Client Error: Not Found for url: https://pokeapi.co/api/v2/pokemon/f
2025-04-05 18:01:17,704 - Error fetching data for F: 404 Client Error: Not Found for url: https://pokeapi.co/api/v2/pokemon/f
2025-04-05 18:01:19,166 - Error fetching data for F: 404 Client Error: Not Found for url: https://pokeapi.co/api/v2/pokemon/f
2025-04-05 18:01:37,010 - Error fetching data for F: 404 Client Error: Not Found for url: https://pokeapi.co/api/v2/pokemon/f
2025-04-05 18:01:43,058 - Error fetching data for F: 404 Client Error: Not Found for url: https://pokeapi.co/api/v2/pokemon/f
2025-04-05 18:01:54,631 - Error fetching data for F: 404 Client Error: Not Found for url: https://pokeapi.co/api/v2/pokemon/f
2025-04-05 18:01:56,908 - Error fetching data for F: 404 Client Error: Not Found for url: https://pokeapi.co/api/v2/pokemon/f
2025-04-05 18:02:03,154 - Error fetching data for F: 404 Client Error: Not Found for url: https://pokeapi.co/api/v2/pokemon/f
2025-04-05 18:02:10,374 - Error fetching data for F: 404 Client Error: Not Found for url: https://pokeapi.co/api/v2/pokemon/f
2025-04-05 18:02:13,144 - Error fetching data for F: 404 Client Error: Not Found for url: https://pokeapi.co/api/v2/pokemon/f
2025-04-05 18:02:14,677 - Error fetching data for F: 404 Client Error: Not Found for url: https://pokeapi.co/api/v2/pokemon/f
2025-04-05 18:02:26,243 - Error fetching data for F: 404 Client Error: Not Found for url: https://pokeapi.co/api/v2/pokemon/f
2025-04-05 18:02:31,714 - Error fetching data for F: 404 Client Error: Not Found for url: https://pokeapi.co/api/v2/pokemon/f
2025-04-05 18:02:38,514 - Error fetching data for M: 404 Client Error: Not Found for url: https://pokeapi.co/api/v2/pokemon/m
2025-04-05 18:02:47,571 - Error fetching data for Urshifu-Rapid-Strike): 404 Client Error: Not Found for url: https://pokeapi.co/api/v2/pokemon/urshifu-rapid-strike)
2025-04-05 18:02:48,066 - Error fetching data for M: 404 Client Error: Not Found for url: https://pokeapi.co/api/v2/pokemon/m
2025-04-05 18:02:48,308 - Error fetching data for M: 404 Client Error: Not Found for url: https://pokeapi.co/api/v2/pokemon/m
2025-04-05 18:02:50,118 - Error fetching data for F: 404 Client Error: Not Found for url: https://pokeapi.co/api/v2/pokemon/f
2025-04-05 18:03:04,443 - Error fetching data for F: 404 Client Error: Not Found for url: https://pokeapi.co/api/v2/pokemon/f
2025-04-05 18:03:17,121 - Error fetching data for F: 404 Client Error: Not Found for url: https://pokeapi.co/api/v2/pokemon/f
2025-04-05 18:03:23,292 - Error fetching data for M: 404 Client Error: Not Found for url: https://pokeapi.co/api/v2/pokemon/m
2025-04-05 18:03:24,035 - Error fetching data for M: 404 Client Error: Not Found for url: https://pokeapi.co/api/v2/pokemon/m
2025-04-05 18:03:24,273 - Error fetching data for M: 404 Client Error: Not Found for url: https://pokeapi.co/api/v2/pokemon/m
2025-04-05 18:03:25,069 - Error fetching data for M: 404 Client Error: Not Found for url: https://pokeapi.co/api/v2/pokemon/m
2025-04-05 18:03:25,567 - Error fetching data for M: 404 Client Error: Not Found for url: https://pokeapi.co/api/v2/pokemon/m
2025-04-05 18:03:25,877 - Error fetching data for M: 404 Client Error: Not Found for url: https://pokeapi.co/api/v2/pokemon/m
2025-04-05 18:03:48,629 - Error fetching data for F: 404 Client Error: Not Found for url: https://pokeapi.co/api/v2/pokemon/f
2025-04-05 18:03:59,927 - Error fetching data for M: 404 Client Error: Not Found for url: https://pokeapi.co/api/v2/pokemon/m
2025-04-05 18:04:04,246 - Error fetching data for F: 404 Client Error: Not Found for url: https://pokeapi.co/api/v2/pokemon/f
2025-04-05 18:04:06,342 - Error fetching data for F: 404 Client Error: Not Found for url: https://pokeapi.co/api/v2/pokemon/f
2025-04-05 18:04:10,769 - Error fetching data for F: 404 Client Error: Not Found for url: https://pokeapi.co/api/v2/pokemon/f
2025-04-05 18:04:13,742 - Error fetching data for M: 404 Client Error: Not Found for url: https://pokeapi.co/api/v2/pokemon/m
2025-04-05 18:04:22,820 - Error fetching data for M: 404 Client Error: Not Found for url: https://pokeapi.co/api/v2/pokemon/m
2025-04-05 18:04:23,095 - Error fetching data for M: 404 Client Error: Not Found for url: https://pokeapi.co/api/v2/pokemon/m
2025-04-05 18:04:26,946 - Error fetching data for M: 404 Client Error: Not Found for url: https://pokeapi.co/api/v2/pokemon/m
2025-04-05 18:04:27,719 - Error fetching data for M: 404 Client Error: Not Found for url: https://pokeapi.co/api/v2/pokemon/m
2025-04-05 18:04:40,412 - Error fetching data for F: 404 Client Error: Not Found for url: https://pokeapi.co/api/v2/pokemon/f
2025-04-05 18:04:44,982 - Error fetching data for F: 404 Client Error: Not Found for url: https://pokeapi.co/api/v2/pokemon/f
2025-04-05 18:04:46,283 - Error fetching data for M: 404 Client Error: Not Found for url: https://pokeapi.co/api/v2/pokemon/m
2025-04-05 18:04:48,848 - Error fetching data for F: 404 Client Error: Not Found for url: https://pokeapi.co/api/v2/pokemon/f
2025-04-05 18:04:51,376 - Error fetching data for F: 404 Client Error: Not Found for url: https://pokeapi.co/api/v2/pokemon/f
2025-04-05 18:04:52,636 - Error fetching data for F: 404 Client Error: Not Found for url: https://pokeapi.co/api/v2/pokemon/f
2025-04-05 18:04:53,868 - Error fetching data for M: 404 Client Error: Not Found for url: https://pokeapi.co/api/v2/pokemon/m
2025-04-05 18:04:54,123 - Error fetching data for M: 404 Client Error: Not Found for url: https://pokeapi.co/api/v2/pokemon/m
2025-04-05 18:04:56,669 - Error fetching data for F: 404 Client Error: Not Found for url: https://pokeapi.co/api/v2/pokemon/f
2025-04-05 18:05:30,350 - Error fetching data for Terapagos): 404 Client Error: Not Found for url: https://pokeapi.co/api/v2/pokemon/terapagos)
2025-04-05 18:05:30,637 - Error fetching data for Incineroar): 404 Client Error: Not Found for url: https://pokeapi.co/api/v2/pokemon/incineroar)
2025-04-05 18:05:30,898 - Error fetching data for Rillaboom): 404 Client Error: Not Found for url: https://pokeapi.co/api/v2/pokemon/rillaboom)
2025-04-05 18:05:31,175 - Error fetching data for Clefairy): 404 Client Error: Not Found for url: https://pokeapi.co/api/v2/pokemon/clefairy)
2025-04-05 18:05:32,203 - Error fetching data for F: 404 Client Error: Not Found for url: https://pokeapi.co/api/v2/pokemon/f
2025-04-05 18:05:43,341 - Error fetching data for M: 404 Client Error: Not Found for url: https://pokeapi.co/api/v2/pokemon/m
2025-04-05 18:05:45,231 - Error fetching data for F: 404 Client Error: Not Found for url: https://pokeapi.co/api/v2/pokemon/f
2025-04-05 18:05:48,951 - Error fetching data for F: 404 Client Error: Not Found for url: https://pokeapi.co/api/v2/pokemon/f
2025-04-05 18:05:58,602 - Error fetching data for Pelipper): 404 Client Error: Not Found for url: https://pokeapi.co/api/v2/pokemon/pelipper)
2025-04-05 18:05:59,430 - Error fetching data for Incineroar): 404 Client Error: Not Found for url: https://pokeapi.co/api/v2/pokemon/incineroar)
2025-04-05 18:05:59,683 - Error fetching data for Amoonguss): 404 Client Error: Not Found for url: https://pokeapi.co/api/v2/pokemon/amoonguss)
2025-04-05 18:05:59,960 - Error fetching data for Rillaboom): 404 Client Error: Not Found for url: https://pokeapi.co/api/v2/pokemon/rillaboom)
2025-04-05 18:06:00,522 - Error fetching data for F: 404 Client Error: Not Found for url: https://pokeapi.co/api/v2/pokemon/f
2025-04-05 18:06:04,478 - Error fetching data for M: 404 Client Error: Not Found for url: https://pokeapi.co/api/v2/pokemon/m
2025-04-05 18:06:04,739 - Error fetching data for M: 404 Client Error: Not Found for url: https://pokeapi.co/api/v2/pokemon/m
2025-04-05 18:06:05,009 - Error fetching data for M: 404 Client Error: Not Found for url: https://pokeapi.co/api/v2/pokemon/m
2025-04-05 18:06:08,015 - Error fetching data for F: 404 Client Error: Not Found for url: https://pokeapi.co/api/v2/pokemon/f
2025-04-05 18:06:16,109 - Error fetching data for F: 404 Client Error: Not Found for url: https://pokeapi.co/api/v2/pokemon/f
2025-04-05 18:06:22,064 - Error fetching data for F: 404 Client Error: Not Found for url: https://pokeapi.co/api/v2/pokemon/f
2025-04-05 18:06:32,593 - Error fetching data for F: 404 Client Error: Not Found for url: https://pokeapi.co/api/v2/pokemon/f
2025-04-05 18:06:38,857 - Error fetching data for F: 404 Client Error: Not Found for url: https://pokeapi.co/api/v2/pokemon/f
2025-04-05 18:06:40,544 - Error fetching data for F: 404 Client Error: Not Found for url: https://pokeapi.co/api/v2/pokemon/f
2025-04-05 18:06:47,025 - Error fetching data for F: 404 Client Error: Not Found for url: https://pokeapi.co/api/v2/pokemon/f
2025-04-05 18:07:13,790 - Error fetching data for F: 404 Client Error: Not Found for url: https://pokeapi.co/api/v2/pokemon/f
2025-04-05 18:07:17,343 - Error fetching data for F: 404 Client Error: Not Found for url: https://pokeapi.co/api/v2/pokemon/f
2025-04-05 18:07:25,075 - Error fetching data for F: 404 Client Error: Not Found for url: https://pokeapi.co/api/v2/pokemon/f
2025-04-05 18:07:25,326 - Error fetching data for M: 404 Client Error: Not Found for url: https://pokeapi.co/api/v2/pokemon/m
2025-04-05 18:07:25,575 - Error fetching data for M: 404 Client Error: Not Found for url: https://pokeapi.co/api/v2/pokemon/m
2025-04-05 18:07:25,831 - Error fetching data for M: 404 Client Error: Not Found for url: https://pokeapi.co/api/v2/pokemon/m
2025-04-05 18:07:29,665 - Error fetching data for F: 404 Client Error: Not Found for url: https://pokeapi.co/api/v2/pokemon/f
2025-04-05 18:07:31,991 - Error fetching data for F: 404 Client Error: Not Found for url: https://pokeapi.co/api/v2/pokemon/f
2025-04-05 18:07:36,506 - Error fetching data for M: 404 Client Error: Not Found for url: https://pokeapi.co/api/v2/pokemon/m
2025-04-05 18:07:48,398 - Error fetching data for F: 404 Client Error: Not Found for url: https://pokeapi.co/api/v2/pokemon/f
2025-04-05 18:07:56,785 - Error fetching data for F: 404 Client Error: Not Found for url: https://pokeapi.co/api/v2/pokemon/f
2025-04-05 18:07:57,233 - Error fetching data for F: 404 Client Error: Not Found for url: https://pokeapi.co/api/v2/pokemon/f
2025-04-05 18:07:57,451 - Error fetching data for F: 404 Client Error: Not Found for url: https://pokeapi.co/api/v2/pokemon/f
2025-04-05 18:08:04,290 - Error fetching data for F: 404 Client Error: Not Found for url: https://pokeapi.co/api/v2/pokemon/f
2025-04-05 18:08:06,015 - Error fetching data for F: 404 Client Error: Not Found for url: https://pokeapi.co/api/v2/pokemon/f
2025-04-05 18:08:09,835 - Error fetching data for M: 404 Client Error: Not Found for url: https://pokeapi.co/api/v2/pokemon/m
2025-04-05 18:08:10,628 - Error fetching data for F: 404 Client Error: Not Found for url: https://pokeapi.co/api/v2/pokemon/f
2025-04-05 18:08:18,859 - Error fetching data for F: 404 Client Error: Not Found for url: https://pokeapi.co/api/v2/pokemon/f
2025-04-05 18:08:22,811 - Error fetching data for F: 404 Client Error: Not Found for url: https://pokeapi.co/api/v2/pokemon/f
2025-04-05 18:08:29,450 - Error fetching data for M: 404 Client Error: Not Found for url: https://pokeapi.co/api/v2/pokemon/m
2025-04-05 18:08:30,194 - Error fetching data for F: 404 Client Error: Not Found for url: https://pokeapi.co/api/v2/pokemon/f
2025-04-05 18:08:43,940 - Error fetching data for Incineroar): 404 Client Error: Not Found for url: https://pokeapi.co/api/v2/pokemon/incineroar)
2025-04-05 18:08:46,412 - Error fetching data for Muk-Alola): 404 Client Error: Not Found for url: https://pokeapi.co/api/v2/pokemon/muk-alola)
2025-04-05 18:08:46,686 - Error fetching data for Smeargle): 404 Client Error: Not Found for url: https://pokeapi.co/api/v2/pokemon/smeargle)
2025-04-05 18:08:49,124 - Error fetching data for Torkoal): 404 Client Error: Not Found for url: https://pokeapi.co/api/v2/pokemon/torkoal)
2025-04-05 18:08:49,356 - Error fetching data for Smeargle): 404 Client Error: Not Found for url: https://pokeapi.co/api/v2/pokemon/smeargle)
2025-04-05 18:08:49,648 - Error fetching data for Ursaluna): 404 Client Error: Not Found for url: https://pokeapi.co/api/v2/pokemon/ursaluna)
2025-04-05 18:08:49,911 - Error fetching data for M: 404 Client Error: Not Found for url: https://pokeapi.co/api/v2/pokemon/m
2025-04-05 18:08:57,810 - Error fetching data for M: 404 Client Error: Not Found for url: https://pokeapi.co/api/v2/pokemon/m
2025-04-05 18:08:58,282 - Error fetching data for M: 404 Client Error: Not Found for url: https://pokeapi.co/api/v2/pokemon/m
2025-04-05 18:08:58,840 - Error fetching data for F: 404 Client Error: Not Found for url: https://pokeapi.co/api/v2/pokemon/f
2025-04-05 18:09:06,744 - Error fetching data for M: 404 Client Error: Not Found for url: https://pokeapi.co/api/v2/pokemon/m
2025-04-05 18:09:07,004 - Error fetching data for M: 404 Client Error: Not Found for url: https://pokeapi.co/api/v2/pokemon/m
2025-04-05 18:09:07,246 - Error fetching data for M: 404 Client Error: Not Found for url: https://pokeapi.co/api/v2/pokemon/m
2025-04-05 18:09:07,801 - Error fetching data for F: 404 Client Error: Not Found for url: https://pokeapi.co/api/v2/pokemon/f
2025-04-05 18:09:11,512 - Error fetching data for F: 404 Client Error: Not Found for url: https://pokeapi.co/api/v2/pokemon/f
2025-04-05 18:09:22,111 - Error fetching data for F: 404 Client Error: Not Found for url: https://pokeapi.co/api/v2/pokemon/f
2025-04-05 18:09:22,362 - Error fetching data for F: 404 Client Error: Not Found for url: https://pokeapi.co/api/v2/pokemon/f
2025-04-05 18:09:22,588 - Error fetching data for F: 404 Client Error: Not Found for url: https://pokeapi.co/api/v2/pokemon/f
2025-04-05 18:09:27,589 - Error fetching data for M: 404 Client Error: Not Found for url: https://pokeapi.co/api/v2/pokemon/m
2025-04-05 18:09:29,169 - Error fetching data for Skuntank): 404 Client Error: Not Found for url: https://pokeapi.co/api/v2/pokemon/skuntank)
2025-04-05 18:09:30,751 - Error fetching data for Lapras): 404 Client Error: Not Found for url: https://pokeapi.co/api/v2/pokemon/lapras)
2025-04-05 18:09:32,823 - Error fetching data for Sceptile): 404 Client Error: Not Found for url: https://pokeapi.co/api/v2/pokemon/sceptile)
2025-04-05 18:09:37,245 - Error fetching data for F: 404 Client Error: Not Found for url: https://pokeapi.co/api/v2/pokemon/f
2025-04-05 18:09:43,965 - Error fetching data for F: 404 Client Error: Not Found for url: https://pokeapi.co/api/v2/pokemon/f
2025-04-05 18:09:47,538 - Error fetching data for Torkoal): 404 Client Error: Not Found for url: https://pokeapi.co/api/v2/pokemon/torkoal)
2025-04-05 18:09:48,291 - Error fetching data for Amoonguss): 404 Client Error: Not Found for url: https://pokeapi.co/api/v2/pokemon/amoonguss)
2025-04-05 18:09:48,807 - Error fetching data for Farigiraf): 404 Client Error: Not Found for url: https://pokeapi.co/api/v2/pokemon/farigiraf)
2025-04-05 18:09:54,848 - Error fetching data for F: 404 Client Error: Not Found for url: https://pokeapi.co/api/v2/pokemon/f
2025-04-05 18:09:57,093 - Error fetching data for F: 404 Client Error: Not Found for url: https://pokeapi.co/api/v2/pokemon/f
2025-04-05 18:10:10,531 - Error fetching data for F: 404 Client Error: Not Found for url: https://pokeapi.co/api/v2/pokemon/f
2025-04-05 18:10:13,642 - Error fetching data for M: 404 Client Error: Not Found for url: https://pokeapi.co/api/v2/pokemon/m
2025-04-05 18:10:15,090 - Error fetching data for F: 404 Client Error: Not Found for url: https://pokeapi.co/api/v2/pokemon/f
2025-04-05 18:10:19,207 - Error fetching data for F: 404 Client Error: Not Found for url: https://pokeapi.co/api/v2/pokemon/f
2025-04-05 18:10:23,481 - Error fetching data for M: 404 Client Error: Not Found for url: https://pokeapi.co/api/v2/pokemon/m
2025-04-05 18:10:24,773 - Error fetching data for F: 404 Client Error: Not Found for url: https://pokeapi.co/api/v2/pokemon/f
2025-04-05 18:10:35,545 - Error fetching data for F: 404 Client Error: Not Found for url: https://pokeapi.co/api/v2/pokemon/f
2025-04-05 18:10:37,813 - Error fetching data for Ninetales-Alola): 404 Client Error: Not Found for url: https://pokeapi.co/api/v2/pokemon/ninetales-alola)
2025-04-05 18:10:38,060 - Error fetching data for Amoonguss): 404 Client Error: Not Found for url: https://pokeapi.co/api/v2/pokemon/amoonguss)
2025-04-05 18:10:38,816 - Error fetching data for Ogerpon-Wellspring): 404 Client Error: Not Found for url: https://pokeapi.co/api/v2/pokemon/ogerpon-wellspring)-mask
2025-04-05 18:10:42,641 - Error fetching data for M: 404 Client Error: Not Found for url: https://pokeapi.co/api/v2/pokemon/m
2025-04-05 18:10:43,334 - Error fetching data for F: 404 Client Error: Not Found for url: https://pokeapi.co/api/v2/pokemon/f
2025-04-05 18:10:44,128 - Error fetching data for F: 404 Client Error: Not Found for url: https://pokeapi.co/api/v2/pokemon/f
2025-04-05 18:10:58,035 - Error fetching data for F: 404 Client Error: Not Found for url: https://pokeapi.co/api/v2/pokemon/f
2025-04-05 18:11:01,641 - Error fetching data for F: 404 Client Error: Not Found for url: https://pokeapi.co/api/v2/pokemon/f
2025-04-05 18:11:02,661 - Error fetching data for F: 404 Client Error: Not Found for url: https://pokeapi.co/api/v2/pokemon/f
2025-04-05 18:11:04,728 - Error fetching data for F: 404 Client Error: Not Found for url: https://pokeapi.co/api/v2/pokemon/f
2025-04-05 18:11:07,672 - Error fetching data for F: 404 Client Error: Not Found for url: https://pokeapi.co/api/v2/pokemon/f
2025-04-05 18:11:10,848 - Error fetching data for F: 404 Client Error: Not Found for url: https://pokeapi.co/api/v2/pokemon/f
2025-04-05 18:11:27,996 - Error fetching data for F: 404 Client Error: Not Found for url: https://pokeapi.co/api/v2/pokemon/f
2025-04-05 18:11:28,815 - Error fetching data for F: 404 Client Error: Not Found for url: https://pokeapi.co/api/v2/pokemon/f
2025-04-05 18:11:29,837 - Error fetching data for M: 404 Client Error: Not Found for url: https://pokeapi.co/api/v2/pokemon/m
2025-04-05 18:11:31,325 - Error fetching data for F: 404 Client Error: Not Found for url: https://pokeapi.co/api/v2/pokemon/f
2025-04-05 18:11:37,456 - Error fetching data for M: 404 Client Error: Not Found for url: https://pokeapi.co/api/v2/pokemon/m
2025-04-05 18:11:38,962 - Error fetching data for M: 404 Client Error: Not Found for url: https://pokeapi.co/api/v2/pokemon/m
2025-04-05 18:11:41,137 - Error fetching data for F: 404 Client Error: Not Found for url: https://pokeapi.co/api/v2/pokemon/f
2025-04-05 18:11:44,369 - Error fetching data for F: 404 Client Error: Not Found for url: https://pokeapi.co/api/v2/pokemon/f
2025-04-05 18:11:44,972 - Error fetching data for F: 404 Client Error: Not Found for url: https://pokeapi.co/api/v2/pokemon/f
2025-04-05 18:11:48,317 - Error fetching data for F: 404 Client Error: Not Found for url: https://pokeapi.co/api/v2/pokemon/f
2025-04-05 18:11:52,556 - Error fetching data for F: 404 Client Error: Not Found for url: https://pokeapi.co/api/v2/pokemon/f
2025-04-05 18:11:54,579 - Error fetching data for F: 404 Client Error: Not Found for url: https://pokeapi.co/api/v2/pokemon/f
2025-04-05 18:11:58,419 - Error fetching data for F: 404 Client Error: Not Found for url: https://pokeapi.co/api/v2/pokemon/f
2025-04-05 18:12:08,813 - Error fetching data for F: 404 Client Error: Not Found for url: https://pokeapi.co/api/v2/pokemon/f
2025-04-05 18:12:10,888 - Error fetching data for F: 404 Client Error: Not Found for url: https://pokeapi.co/api/v2/pokemon/f
2025-04-05 18:12:16,860 - Error fetching data for F: 404 Client Error: Not Found for url: https://pokeapi.co/api/v2/pokemon/f
2025-04-05 18:12:20,008 - Error fetching data for F: 404 Client Error: Not Found for url: https://pokeapi.co/api/v2/pokemon/f
2025-04-05 18:12:27,083 - Error fetching data for F: 404 Client Error: Not Found for url: https://pokeapi.co/api/v2/pokemon/f
2025-04-05 18:12:42,420 - Error fetching data for F: 404 Client Error: Not Found for url: https://pokeapi.co/api/v2/pokemon/f
2025-04-05 18:12:44,495 - Error fetching data for F: 404 Client Error: Not Found for url: https://pokeapi.co/api/v2/pokemon/f
2025-04-05 18:12:46,134 - Error fetching data for F: 404 Client Error: Not Found for url: https://pokeapi.co/api/v2/pokemon/f
2025-04-05 18:12:46,367 - Error fetching data for F: 404 Client Error: Not Found for url: https://pokeapi.co/api/v2/pokemon/f
2025-04-05 18:12:46,604 - Error fetching data for F: 404 Client Error: Not Found for url: https://pokeapi.co/api/v2/pokemon/f
2025-04-05 18:12:47,157 - Error fetching data for F: 404 Client Error: Not Found for url: https://pokeapi.co/api/v2/pokemon/f
2025-04-05 18:12:47,645 - Error fetching data for M: 404 Client Error: Not Found for url: https://pokeapi.co/api/v2/pokemon/m
2025-04-05 18:12:47,920 - Error fetching data for M: 404 Client Error: Not Found for url: https://pokeapi.co/api/v2/pokemon/m
2025-04-05 18:12:48,159 - Error fetching data for F: 404 Client Error: Not Found for url: https://pokeapi.co/api/v2/pokemon/f
2025-04-05 18:12:49,929 - Error fetching data for M: 404 Client Error: Not Found for url: https://pokeapi.co/api/v2/pokemon/m
2025-04-05 18:13:06,437 - Error fetching data for M: 404 Client Error: Not Found for url: https://pokeapi.co/api/v2/pokemon/m
2025-04-05 18:13:06,673 - Error fetching data for F: 404 Client Error: Not Found for url: https://pokeapi.co/api/v2/pokemon/f
2025-04-05 18:13:09,921 - Error fetching data for F: 404 Client Error: Not Found for url: https://pokeapi.co/api/v2/pokemon/f
2025-04-05 18:13:12,528 - Error fetching data for F: 404 Client Error: Not Found for url: https://pokeapi.co/api/v2/pokemon/f
2025-04-05 18:13:13,780 - Error fetching data for M: 404 Client Error: Not Found for url: https://pokeapi.co/api/v2/pokemon/m
2025-04-05 18:13:14,285 - Error fetching data for M: 404 Client Error: Not Found for url: https://pokeapi.co/api/v2/pokemon/m
2025-04-05 18:13:16,755 - Error fetching data for F: 404 Client Error: Not Found for url: https://pokeapi.co/api/v2/pokemon/f
2025-04-05 18:13:19,273 - Error fetching data for F: 404 Client Error: Not Found for url: https://pokeapi.co/api/v2/pokemon/f
2025-04-05 18:13:20,590 - Error fetching data for F: 404 Client Error: Not Found for url: https://pokeapi.co/api/v2/pokemon/f
2025-04-05 18:13:28,825 - Error fetching data for F: 404 Client Error: Not Found for url: https://pokeapi.co/api/v2/pokemon/f
2025-04-05 18:13:34,000 - Error fetching data for M: 404 Client Error: Not Found for url: https://pokeapi.co/api/v2/pokemon/m
2025-04-05 18:13:35,008 - Error fetching data for M: 404 Client Error: Not Found for url: https://pokeapi.co/api/v2/pokemon/m
2025-04-05 18:13:43,415 - Error fetching data for F: 404 Client Error: Not Found for url: https://pokeapi.co/api/v2/pokemon/f
2025-04-05 18:13:43,772 - Error fetching data for M: 404 Client Error: Not Found for url: https://pokeapi.co/api/v2/pokemon/m
2025-04-05 18:13:48,948 - Error fetching data for M: 404 Client Error: Not Found for url: https://pokeapi.co/api/v2/pokemon/m
2025-04-05 18:13:49,984 - Error fetching data for F: 404 Client Error: Not Found for url: https://pokeapi.co/api/v2/pokemon/f
2025-04-05 18:13:55,400 - Error fetching data for F: 404 Client Error: Not Found for url: https://pokeapi.co/api/v2/pokemon/f
2025-04-05 18:14:00,884 - Error fetching data for F: 404 Client Error: Not Found for url: https://pokeapi.co/api/v2/pokemon/f
2025-04-05 18:14:01,637 - Error fetching data for F: 404 Client Error: Not Found for url: https://pokeapi.co/api/v2/pokemon/f
2025-04-05 18:14:13,850 - Error fetching data for F: 404 Client Error: Not Found for url: https://pokeapi.co/api/v2/pokemon/f
2025-04-05 18:14:18,791 - Error fetching data for F: 404 Client Error: Not Found for url: https://pokeapi.co/api/v2/pokemon/f
2025-04-05 18:14:19,545 - Error fetching data for M: 404 Client Error: Not Found for url: https://pokeapi.co/api/v2/pokemon/m
2025-04-05 18:14:20,025 - Error fetching data for M: 404 Client Error: Not Found for url: https://pokeapi.co/api/v2/pokemon/m
2025-04-05 18:46:06,387 - Error fetching data for move none: 404 Client Error: Not Found for url: https://pokeapi.co/api/v2/move/none
2025-04-05 18:46:06,448 - Error fetching data for move none: 404 Client Error: Not Found for url: https://pokeapi.co/api/v2/move/none
2025-04-05 18:46:06,495 - Error fetching data for move none: 404 Client Error: Not Found for url: https://pokeapi.co/api/v2/move/none
